2026-02-01 18:40:03 0 [Note] Starting MariaDB 10.6.24-MariaDB source revision e5994025bec0d34ddef25df2e252b8f1d2e34e51 server_uid unknown as process 21848
2026-02-01 18:40:03 0 [Note] InnoDB: The first data file './ibdata1' did not exist. A new tablespace will be created!
2026-02-01 18:40:03 0 [Note] InnoDB: Compressed tables use zlib 1.3.1
2026-02-01 18:40:03 0 [Note] InnoDB: Number of pools: 1
2026-02-01 18:40:03 0 [Note] InnoDB: Using crc32 + pclmulqdq instructions
2026-02-01 18:40:03 0 [Note] InnoDB: Initializing buffer pool, total size = 20971520, chunk size = 20971520
2026-02-01 18:40:03 0 [Note] InnoDB: Completed initialization of buffer pool
2026-02-01 18:40:03 0 [Note] InnoDB: Setting log file ./ib_logfile101 size to 100663296 bytes
2026-02-01 18:40:03 0 [Note] InnoDB: Setting file './ibdata1' size to 12 MB. Physically writing the file full; Please wait ...
2026-02-01 18:40:03 0 [Note] InnoDB: File './ibdata1' size is now 12 MB.
2026-02-01 18:40:04 0 [Note] InnoDB: Renaming log file ./ib_logfile101 to ./ib_logfile0
2026-02-01 18:40:04 0 [Note] InnoDB: New log file created, LSN=10301
2026-02-01 18:40:04 0 [Note] InnoDB: Doublewrite buffer not found: creating new
2026-02-01 18:40:04 0 [Note] InnoDB: Doublewrite buffer created
2026-02-01 18:40:04 0 [Note] InnoDB: 128 rollback segments are active.
2026-02-01 18:40:04 0 [Note] InnoDB: Creating shared tablespace for temporary tables
2026-02-01 18:40:04 0 [Note] InnoDB: Setting file './ibtmp1' size to 12 MB. Physically writing the file full; Please wait ...
2026-02-01 18:40:04 0 [Note] InnoDB: File './ibtmp1' size is now 12 MB.
2026-02-01 18:40:04 0 [Note] InnoDB: 10.6.24 started; log sequence number 0; transaction id 3
2026-02-01 18:40:04 0 [Note] Plugin 'FEEDBACK' is disabled.
